{"level":"info","message":"/signup","metadata":{"action":"VIEW","errorMessage":"Cannot destructure property 'fullname' of 'undefined' as it is undefined.","params":{},"query":{},"status":"FAILED","user":"n/a"},"timestamp":"2025-03-17T06:33:44.804Z"}
{"level":"info","message":"/signup","metadata":{"action":"CREATE","errorMessage":"Cannot destructure property 'fullname' of 'undefined' as it is undefined.","params":{},"query":{},"status":"FAILED","user":"n/a"},"timestamp":"2025-03-17T06:40:56.053Z"}
{"level":"info","message":"/signup","metadata":{"action":"CREATE","body":{"contact":"+1234567890","email":"johndoe@example.com","fullname":"John Doe","password":"Password@1234"},"params":{},"query":{},"status":"SUCCESS","user":"n/a"},"timestamp":"2025-03-17T06:47:02.651Z"}
{"level":"info","message":"/signup","metadata":{"action":"CREATE","body":{"contact":"+1234567890","email":"johndoe@example.com","fullname":"John Doe","password":"Password@1234"},"errorMessage":"Password must be a boolean value","params":{},"query":{},"status":"FAILED","user":"n/a"},"timestamp":"2025-03-17T08:25:10.498Z"}
{"level":"info","message":"/signup","metadata":{"action":"CREATE","body":{"contact":"+1234567890","email":"johndoe@example.com","fullname":"John Doe","password":"Password@1234"},"errorMessage":"Password must be at least 6 characters long and contain at least 1 uppercase letter, 1 lowercase letter, and 1 number.","params":{},"query":{},"status":"FAILED","user":"n/a"},"timestamp":"2025-03-17T08:38:15.654Z"}
{"level":"info","message":"/signup","metadata":{"action":"CREATE","body":{"contact":"+1234567890","email":"johndoe@example.com","fullname":"John Doe","password":"Password@1234"},"errorMessage":"Password must be at least 6 characters long and contain at least 1 uppercase letter, 1 lowercase letter, and 1 number.","params":{},"query":{},"status":"FAILED","user":"n/a"},"timestamp":"2025-03-17T08:39:21.083Z"}
{"level":"info","message":"/signup","metadata":{"action":"CREATE","body":{"contact":"+1234567890","email":"johndoe@example.com","fullname":"John Doe","password":"Password@1234"},"errorMessage":"Password must be at least 6 characters long and contain at least 1 uppercase letter, 1 lowercase letter, and 1 number.","params":{},"query":{},"status":"FAILED","user":"n/a"},"timestamp":"2025-03-17T08:39:22.791Z"}
{"level":"info","message":"/signup","metadata":{"action":"CREATE","body":{"contact":"+1234567890","email":"johndoe@example.com","fullname":"John Doe","password":"Password@1234"},"errorMessage":"Password must be at least 6 characters long and contain at least 1 uppercase letter, 1 lowercase letter, and 1 number.","params":{},"query":{},"status":"FAILED","user":"n/a"},"timestamp":"2025-03-17T08:39:23.654Z"}
{"level":"info","message":"/signup","metadata":{"action":"CREATE","body":{"contact":"+1234567890","email":"johndoe@example.com","fullname":"John Doe","password":"Password@1234"},"errorMessage":"Password must be at least 6 characters long and contain at least 1 uppercase letter, 1 lowercase letter, and 1 number.","params":{},"query":{},"status":"FAILED","user":"n/a"},"timestamp":"2025-03-17T08:39:24.317Z"}
{"level":"info","message":"/signup","metadata":{"action":"CREATE","body":{"contact":"+1234567890","email":"johndoe@example.com","fullname":"John Doe","password":"Password@1234"},"errorMessage":"Password must be at least 6 characters long and contain at least 1 uppercase letter, 1 lowercase letter, and 1 number.","params":{},"query":{},"status":"FAILED","user":"n/a"},"timestamp":"2025-03-17T08:43:20.773Z"}
{"level":"info","message":"/signup","metadata":{"action":"CREATE","body":{"contact":"+1234567890","email":"johndoe@example.com","fullname":"John Doe","password":"Password@1234"},"errorMessage":"Password must be at least 6 characters long and contain at least 1 uppercase letter, 1 lowercase letter, and 1 number.","params":{},"query":{},"status":"FAILED","user":"n/a"},"timestamp":"2025-03-17T08:43:54.562Z"}
{"level":"info","message":"/signup","metadata":{"action":"CREATE","body":{"contact":"+1234567890","email":"johndoe@example.com","fullname":"John Doe","password":"Password@1234"},"errorMessage":"Password must be at least 6 characters long and contain at least 1 uppercase letter, 1 lowercase letter, and 1 number.","params":{},"query":{},"status":"FAILED","user":"n/a"},"timestamp":"2025-03-17T08:48:04.466Z"}
{"level":"info","message":"/signup","metadata":{"action":"CREATE","body":{"contact":"+1234567890","email":"johndoe@example.com","fullname":"John Doe","password":"Password@1234"},"errorMessage":"Password must be at least 6 characters long and contain at least 1 uppercase letter, 1 lowercase letter, and 1 number.","params":{},"query":{},"status":"FAILED","user":"n/a"},"timestamp":"2025-03-17T08:50:05.708Z"}
{"level":"info","message":"/signup","metadata":{"action":"CREATE","body":{"contact":"+1234567890","email":"johndoe@example.com","fullname":"John Doe","password":"Password@1234"},"errorMessage":"Unknown Error","params":{},"query":{},"status":"FAILED","user":"n/a"},"timestamp":"2025-03-17T08:56:26.710Z"}
{"level":"info","message":"/signup","metadata":{"action":"CREATE","body":{"contact":"+1234567890","email":"johndoe@example.com","fullname":"John Doe","password":"Password@1234"},"errorMessage":"Password must be at least 6 characters long and contain at least 1 uppercase letter, 1 lowercase letter, and 1 number.","params":{},"query":{},"status":"FAILED","user":"n/a"},"timestamp":"2025-03-17T08:57:22.669Z"}
{"level":"info","message":"/signup","metadata":{"action":"CREATE","body":{"contact":"+1234567890","email":"johndoe@example.com","fullname":"John Doe","password":"Password@1234"},"errorMessage":"User already exists","params":{},"query":{},"status":"FAILED","user":"n/a"},"timestamp":"2025-03-17T09:00:33.603Z"}
{"level":"info","message":"/signup","metadata":{"action":"CREATE","body":{"contact":"+1234567890","email":"johndoe@example.com","fullname":"John Doe","password":"Password@1234"},"errorMessage":"User already exists","params":{},"query":{},"status":"FAILED","user":"n/a"},"timestamp":"2025-03-17T09:00:42.076Z"}
{"level":"info","message":"/signup","metadata":{"action":"CREATE","body":{"contact":"+1234567890","email":"johndoe@example.com","fullname":"John Doe","password":"Password@1234"},"errorMessage":"User already exists","params":{},"query":{},"status":"FAILED","user":"n/a"},"timestamp":"2025-03-17T09:00:43.673Z"}
{"level":"info","message":"/signup","metadata":{"action":"CREATE","body":{"contact":"+1234567890","email":"johndoe@example.com","fullname":"John Doe","password":"Password@1234"},"errorMessage":"User already exists","params":{},"query":{},"status":"FAILED","user":"n/a"},"timestamp":"2025-03-17T09:05:32.517Z"}
{"level":"info","message":"/signup","metadata":{"action":"CREATE","body":{"contact":"+1234567890","email":"johndoe@example.com","fullname":"John Doe","password":"Password@1234"},"errorMessage":"User already exists","params":{},"query":{},"status":"FAILED","user":"n/a"},"timestamp":"2025-03-17T09:15:04.770Z"}
{"level":"info","message":"/signup","metadata":{"action":"CREATE","body":{"contact":"+1234567890","email":"johndoe@example.com","fullname":"John Doe","password":"Password@1234"},"errorMessage":"User already exists","params":{},"query":{},"status":"FAILED","user":"n/a"},"timestamp":"2025-03-17T09:20:55.360Z"}
{"level":"info","message":"/signup","metadata":{"action":"CREATE","body":{"contact":"+1234567890","email":"johndoe@example.com","fullname":"John Doe","password":"@123"},"errorMessage":"Password must be at least 6 characters long and contain at least 1 uppercase letter, 1 lowercase letter, and 1 number.","params":{},"query":{},"status":"FAILED","user":"n/a"},"timestamp":"2025-03-17T09:23:21.332Z"}
{"level":"info","message":"/signup","metadata":{"action":"CREATE","body":{"contact":"+1234567890","email":"johndoe@example.com","fullname":"John Doe","password":"@123"},"errorMessage":"Password must be at least 6 characters long and contain at least 1 uppercase letter, 1 lowercase letter, and 1 number.","params":{},"query":{},"status":"FAILED","user":"n/a"},"timestamp":"2025-04-07T16:58:58.483Z"}
{"level":"info","message":"/signup","metadata":{"action":"CREATE","body":{"contact":"+1234567890","email":"johndoe@example.com","fullname":"John Doe","password":"@123kjhg"},"errorMessage":"Password must be at least 6 characters long and contain at least 1 uppercase letter, 1 lowercase letter, and 1 number.","params":{},"query":{},"status":"FAILED","user":"n/a"},"timestamp":"2025-04-07T16:59:07.797Z"}
{"level":"info","message":"/signup","metadata":{"action":"CREATE","body":{"contact":"+1234567890","email":"johndoe@example.com","fullname":"John Doe","password":"@123kjhgZ"},"errorMessage":"Password must be at least 6 characters long and contain at least 1 uppercase letter, 1 lowercase letter, and 1 number.","params":{},"query":{},"status":"FAILED","user":"n/a"},"timestamp":"2025-04-07T16:59:13.047Z"}
{"level":"info","message":"/signup","metadata":{"action":"CREATE","body":{"contact":"+1234567890","email":"johndoe@example.com","fullname":"John Doe","password":"@123kjhgZ"},"errorMessage":"Password must be at least 6 characters long and contain at least 1 uppercase letter, 1 lowercase letter, and 1 number.","params":{},"query":{},"status":"FAILED","user":"n/a"},"timestamp":"2025-04-07T16:59:35.258Z"}
{"level":"info","message":"/signup","metadata":{"action":"CREATE","body":{"contact":"+1234567890","email":"johndoe@example.com","fullname":"John Doe","password":"B@123kjhgZ"},"errorMessage":"Password must be at least 6 characters long and contain at least 1 uppercase letter, 1 lowercase letter, and 1 number.","params":{},"query":{},"status":"FAILED","user":"n/a"},"timestamp":"2025-04-07T16:59:47.380Z"}
{"level":"info","message":"/signup","metadata":{"action":"CREATE","body":{"contact":"+1234567890","email":"johndoe@example.com","fullname":"John Doe","password":"B@123kjhgZ"},"errorMessage":"Password must be at least 6 characters long and contain at least 1 uppercase letter, 1 lowercase letter, and 1 number.","params":{},"query":{},"status":"FAILED","user":"n/a"},"timestamp":"2025-04-07T16:59:48.274Z"}
{"level":"info","message":"/signup","metadata":{"action":"CREATE","body":{"contact":"+1234567890","email":"johndoe@example.com","fullname":"John Doe","password":"B@123kjhgZ"},"errorMessage":"Password must be at least 6 characters long and contain at least 1 uppercase letter, 1 lowercase letter, and 1 number.","params":{},"query":{},"status":"FAILED","user":"n/a"},"timestamp":"2025-04-07T17:00:10.627Z"}
{"level":"info","message":"/signup","metadata":{"action":"CREATE","body":{"contact":"+1234567890","email":"johndoe@example.com","fullname":"John Doe","password":"B@123kjhgZ"},"errorMessage":"Password must be at least 6 characters long and contain at least 1 uppercase letter, 1 lowercase letter, and 1 number.","params":{},"query":{},"status":"FAILED","user":"n/a"},"timestamp":"2025-04-07T17:00:11.532Z"}
{"level":"info","message":"/signup","metadata":{"action":"CREATE","body":{"contact":"+1234567890","email":"johndoe@example.com","fullname":"John Doe","password":"mmmmmm1234AS@"},"errorMessage":"Password must be at least 6 characters long and contain at least 1 uppercase letter, 1 lowercase letter, and 1 number.","params":{},"query":{},"status":"FAILED","user":"n/a"},"timestamp":"2025-04-07T17:07:02.160Z"}
{"level":"info","message":"/signup","metadata":{"action":"CREATE","body":{"contact":"+1234567890","email":"johndoe@example.com","fullname":"John Doe","password":"mmmmmm1234AS@"},"errorMessage":"Password must be at least 6 characters long and contain at least 1 uppercase letter, 1 lowercase letter, and 1 number.","params":{},"query":{},"status":"FAILED","user":"n/a"},"timestamp":"2025-04-07T17:07:03.016Z"}
{"level":"info","message":"/signup","metadata":{"action":"CREATE","body":{"contact":"+1234567890","email":"johndoe@example.com","fullname":"John Doe","password":"mmmmmm1234AS@"},"errorMessage":"Password must be at least 6 characters long and contain at least 1 uppercase letter, 1 lowercase letter, and 1 number.","params":{},"query":{},"status":"FAILED","user":"n/a"},"timestamp":"2025-04-07T17:10:24.963Z"}
{"level":"info","message":"/signup","metadata":{"action":"CREATE","body":{"contact":"+1234567890","email":"johndoe@example.com","fullname":"John Doe","password":"mmmmmm1234AS@"},"errorMessage":"Password must be at least 6 characters long and contain at least 1 uppercase letter, 1 lowercase letter, and 1 number.","params":{},"query":{},"status":"FAILED","user":"n/a"},"timestamp":"2025-04-07T17:10:26.837Z"}
{"level":"info","message":"/signup","metadata":{"action":"CREATE","body":{"contact":"+1234567890","email":"johndoe@example.com","fullname":"John Doe"},"errorMessage":"User already exists","params":{},"query":{},"status":"FAILED","user":"n/a"},"timestamp":"2025-04-07T17:11:04.163Z"}
{"level":"info","message":"/signup","metadata":{"action":"CREATE","body":{"contact":"+1234567890","email":"johndoe@example.com","fullname":"John Doe"},"errorMessage":"User already exists","params":{},"query":{},"status":"FAILED","user":"n/a"},"timestamp":"2025-04-07T17:11:07.586Z"}
{"level":"info","message":"/signup","metadata":{"action":"CREATE","body":{"contact":"+1234567890","email":"raj@example.com","fullname":"Bheshraj"},"params":{},"query":{},"status":"SUCCESS","user":"n/a"},"timestamp":"2025-04-07T17:11:36.327Z"}
{"level":"info","message":"/signup","metadata":{"action":"CREATE","body":{"contact":"+1234567890","email":"raj@example.com","fullname":"Bheshraj"},"errorMessage":"User already exists","params":{},"query":{},"status":"FAILED","user":"n/a"},"timestamp":"2025-04-08T02:27:09.491Z"}
{"level":"info","message":"/signup","metadata":{"action":"CREATE","body":{"contact":"+1234567890","email":"raj@example.com","fullname":"Bheshraj"},"errorMessage":"User already exists","params":{},"query":{},"status":"FAILED","user":"n/a"},"timestamp":"2025-04-08T02:27:10.907Z"}
{"level":"info","message":"/signup","metadata":{"action":"VIEW","body":{},"params":{},"query":{},"status":"SUCCESS","user":"n/a"},"timestamp":"2025-04-08T02:30:57.140Z"}
{"level":"info","message":"/signup","metadata":{"action":"VIEW","body":{},"params":{},"query":{},"status":"SUCCESS","user":"n/a"},"timestamp":"2025-04-08T02:33:02.879Z"}
{"level":"info","message":"/signup","metadata":{"action":"CREATE","body":{"contact":" 0987654321","email":"superowner@keepme.club","fullname":"Bhesh Raj"},"params":{},"query":{},"status":"SUCCESS","user":"n/a"},"timestamp":"2025-04-08T02:37:45.118Z"}
{"level":"info","message":"/signup","metadata":{"action":"CREATE","body":{"contact":" 0987654321","email":"rajbhesh566@gmail.comn","fullname":"Bhesh Raj"},"params":{},"query":{},"status":"SUCCESS","user":"n/a"},"timestamp":"2025-04-10T03:59:08.979Z"}
{"level":"info","message":"/signup","metadata":{"action":"CREATE","body":{"contact":" 0987654321","email":"rajbhesh566@gmail.comn","fullname":"Bhesh Raj"},"errorMessage":"User already exists","params":{},"query":{},"status":"FAILED","user":"n/a"},"timestamp":"2025-04-10T03:59:09.988Z"}
{"level":"info","message":"/signup","metadata":{"action":"CREATE","body":{"contact":" 0987654321","email":"rajbhesh566@gmail.comn","fullname":"Bhesh Raj"},"errorMessage":"User already exists","params":{},"query":{},"status":"FAILED","user":"n/a"},"timestamp":"2025-04-10T03:59:10.888Z"}
{"level":"info","message":"/signup","metadata":{"action":"CREATE","body":{"contact":" 0987654321","email":"rajbhesh566@gmail.comn","fullname":"Bhesh Raj"},"errorMessage":"User already exists","params":{},"query":{},"status":"FAILED","user":"n/a"},"timestamp":"2025-04-10T03:59:11.590Z"}
{"level":"info","message":"/signup","metadata":{"action":"CREATE","body":{"contact":" 0987654321","email":"rajbhesh566@gmail.comn","fullname":"Bhesh Raj"},"errorMessage":"User already exists","params":{},"query":{},"status":"FAILED","user":"n/a"},"timestamp":"2025-04-10T03:59:12.097Z"}
{"level":"info","message":"/signup","metadata":{"action":"CREATE","body":{"contact":" 0987654321","email":"rajbhesh566@gmail.comn","fullname":"Bhesh Raj"},"errorMessage":"User already exists","params":{},"query":{},"status":"FAILED","user":"n/a"},"timestamp":"2025-04-10T03:59:13.223Z"}
{"level":"info","message":"/signup","metadata":{"action":"CREATE","body":{"contact":" 0987654321","email":"rajbhesh566@gmail.comn","fullname":"Bhesh Raj"},"errorMessage":"User already exists","params":{},"query":{},"status":"FAILED","user":"n/a"},"timestamp":"2025-04-10T04:01:29.760Z"}
{"level":"info","message":"/signup","metadata":{"action":"CREATE","body":{"contact":" 0987654321","email":"rajbhesh566@gmail.comn","fullname":"Bhesh Raj"},"errorMessage":"User already exists","params":{},"query":{},"status":"FAILED","user":"n/a"},"timestamp":"2025-04-10T04:03:22.151Z"}
{"level":"info","message":"/signup","metadata":{"action":"CREATE","body":{"contact":" 0987654321","email":"rajbhesh566@gmail.comn","fullname":"Bhesh Raj"},"errorMessage":"User already exists","params":{},"query":{},"status":"FAILED","user":"n/a"},"timestamp":"2025-04-10T04:03:32.086Z"}
{"level":"info","message":"/signup","metadata":{"action":"CREATE","body":{"contact":" 0987654321","email":"rajbhesh566@gmail.comn","fullname":"Bhesh Raj"},"errorMessage":"User already exists","params":{},"query":{},"status":"FAILED","user":"n/a"},"timestamp":"2025-04-10T04:05:07.513Z"}
{"level":"info","message":"/signup","metadata":{"action":"CREATE","body":{"contact":" 0987654321","email":"rajbhesh566@gmail.comn","fullname":"Bhesh Raj"},"errorMessage":"User already exists","params":{},"query":{},"status":"FAILED","user":"n/a"},"timestamp":"2025-04-10T04:07:15.753Z"}
{"level":"info","message":"/signup","metadata":{"action":"CREATE","body":{"contact":" 0987654321","email":"rajbhesh566@gmail.comn","fullname":"Bhesh Raj"},"errorMessage":"User already exists","params":{},"query":{},"status":"FAILED","user":"n/a"},"timestamp":"2025-04-10T04:07:32.854Z"}
{"level":"info","message":"/signup","metadata":{"action":"CREATE","body":{"contact":" 987654321","email":"rajbhesh566@gmail.comn","fullname":"Bhesh Raj"},"errorMessage":"User already exists","params":{},"query":{},"status":"FAILED","user":"n/a"},"timestamp":"2025-04-10T04:07:40.763Z"}
{"level":"info","message":"/signup","metadata":{"action":"CREATE","body":{"contact":" 9876543210","email":"rajbhesh566@gmail.comn","fullname":"Bhesh Raj"},"errorMessage":"User already exists","params":{},"query":{},"status":"FAILED","user":"n/a"},"timestamp":"2025-04-10T04:07:47.722Z"}
{"level":"info","message":"/signup","metadata":{"action":"CREATE","body":{"contact":" 9876543210","email":"rajbhesh566@gmail.comn","fullname":"Bhesh Raj"},"errorMessage":"User already exists","params":{},"query":{},"status":"FAILED","user":"n/a"},"timestamp":"2025-04-10T04:13:11.913Z"}
{"level":"info","message":"/signup","metadata":{"action":"CREATE","body":{"contact":" 9876543210","email":"rajbhesh566@gmail.comn","fullname":"Bhesh Raj"},"errorMessage":"User already exists","params":{},"query":{},"status":"FAILED","user":"n/a"},"timestamp":"2025-04-10T04:13:25.320Z"}
{"level":"info","message":"/signup","metadata":{"action":"CREATE","body":{"contact":" 9876543210","email":"rajbhesh566@gmail.comn","fullname":"Bhesh Raj"},"errorMessage":"User already exists","params":{},"query":{},"status":"FAILED","user":"n/a"},"timestamp":"2025-04-10T04:13:52.157Z"}
{"level":"info","message":"/signup","metadata":{"action":"CREATE","body":{"contact":" 9876543210","email":"rajbhesh566@gmail.comn","fullname":"Bhesh Raj"},"errorMessage":"User already exists","params":{},"query":{},"status":"FAILED","user":"n/a"},"timestamp":"2025-04-10T04:15:22.347Z"}
{"level":"info","message":"/signup","metadata":{"action":"CREATE","body":{"contact":" 9876543210","email":"rajbhesh566@gmail.com","fullname":"Bhesh Raj2"},"params":{},"query":{},"status":"SUCCESS","user":"n/a"},"timestamp":"2025-04-10T04:15:59.369Z"}
{"level":"info","message":"/signup","metadata":{"action":"CREATE","body":{"contact":" 9876543210","email":"rajbhesh566@gmail.com","fullname":"Bhesh Raj2"},"errorMessage":"User already exists","params":{},"query":{},"status":"FAILED","user":"n/a"},"timestamp":"2025-04-10T04:16:00.268Z"}
{"level":"info","message":"/signup","metadata":{"action":"CREATE","body":{"contact":" 9876543210","email":"rajbhesh566@gmail.com","fullname":"Bhesh Raj2"},"errorMessage":"User already exists","params":{},"query":{},"status":"FAILED","user":"n/a"},"timestamp":"2025-04-10T04:16:05.168Z"}
{"level":"info","message":"/signup","metadata":{"action":"CREATE","body":{"contact":" 9876543210","email":"rajbhesh566@gmail.com","fullname":"Bhesh Raj2"},"errorMessage":"User already exists","params":{},"query":{},"status":"FAILED","user":"n/a"},"timestamp":"2025-04-10T04:17:32.492Z"}
{"level":"info","message":"/signup","metadata":{"action":"CREATE","body":{"contact":" 9876543210","email":"rajbhesh566@gmail.com","fullname":"Bhesh Raj2"},"errorMessage":"User already exists","params":{},"query":{},"status":"FAILED","user":"n/a"},"timestamp":"2025-04-10T04:17:34.101Z"}
{"level":"info","message":"/signup","metadata":{"action":"CREATE","body":{"contact":" 9876543210","email":"rajbhesh566@gmail.com","fullname":"Bhesh Raj2"},"errorMessage":"User already exists","params":{},"query":{},"status":"FAILED","user":"n/a"},"timestamp":"2025-04-10T04:18:36.126Z"}
{"level":"info","message":"/signup","metadata":{"action":"CREATE","body":{"contact":" 9876543210","email":"rajbhesh566@gmail.com","fullname":"Bhesh Raj2"},"errorMessage":"User already exists","params":{},"query":{},"status":"FAILED","user":"n/a"},"timestamp":"2025-04-10T04:18:37.369Z"}
{"level":"info","message":"/signup","metadata":{"action":"CREATE","body":{"contact":" 9876543210","email":"rajbhesh566@gmail.com","fullname":"Bhesh Raj2"},"errorMessage":"User already exists","params":{},"query":{},"status":"FAILED","user":"n/a"},"timestamp":"2025-04-10T04:18:38.559Z"}
{"level":"info","message":"/signup","metadata":{"action":"CREATE","body":{"contact":" 9876543210","email":"rajbhesh566@gmail.com","fullname":"Bhesh Raj2"},"errorMessage":"User already exists","params":{},"query":{},"status":"FAILED","user":"n/a"},"timestamp":"2025-04-10T04:18:39.246Z"}
{"level":"info","message":"/signup","metadata":{"action":"CREATE","body":{"contact":" 9876543210","email":"rajbhesh566@gmail.com","fullname":"Bhesh Raj2"},"errorMessage":"User already exists","params":{},"query":{},"status":"FAILED","user":"n/a"},"timestamp":"2025-04-10T04:20:37.997Z"}
{"level":"info","message":"/signup","metadata":{"action":"CREATE","body":{"contact":"+1234567890","email":"raj@example.com","fullname":"Bheshraj"},"errorMessage":"User already exists","params":{},"query":{},"status":"FAILED","user":"n/a"},"timestamp":"2025-04-10T04:20:51.637Z"}
{"level":"info","message":"/signup","metadata":{"action":"CREATE","body":{"contact":"+1234567890","email":"raj@example.com","fullname":"Bheshraj"},"errorMessage":"User already exists","params":{},"query":{},"status":"FAILED","user":"n/a"},"timestamp":"2025-04-10T04:20:52.627Z"}
{"level":"info","message":"/signup","metadata":{"action":"CREATE","body":{"contact":"+1234567890","email":"rajbhesh566@gmail.com","fullname":"Bheshraj"},"errorMessage":"User already exists","params":{},"query":{},"status":"FAILED","user":"n/a"},"timestamp":"2025-04-10T04:21:34.566Z"}
{"level":"info","message":"/signup","metadata":{"action":"CREATE","body":{"contact":"+1234567890","email":"raj@example.com","fullname":"Bheshraj"},"errorMessage":"User already exists","params":{},"query":{},"status":"FAILED","user":"n/a"},"timestamp":"2025-04-10T04:22:11.141Z"}
{"level":"info","message":"/signup","metadata":{"action":"CREATE","body":{"contact":"+1234567890","email":"raj@example.com","fullname":"Bheshraj"},"errorMessage":"User already exists","params":{},"query":{},"status":"FAILED","user":"n/a"},"timestamp":"2025-04-10T04:24:26.643Z"}
{"level":"info","message":"/signup","metadata":{"action":"CREATE","body":{"contact":"+1234567890","email":"raj@example.com","fullname":"Bheshraj"},"errorMessage":"User already exists","params":{},"query":{},"status":"FAILED","user":"n/a"},"timestamp":"2025-04-10T04:25:30.064Z"}
{"level":"info","message":"/signup","metadata":{"action":"CREATE","body":{"contact":"+1234567890","email":"raj@example.com","fullname":"Bheshraj"},"errorMessage":"User already exists","params":{},"query":{},"status":"FAILED","user":"n/a"},"timestamp":"2025-04-10T04:25:30.750Z"}
{"level":"info","message":"/signup","metadata":{"action":"CREATE","body":{"contact":"+1234567890","email":"raj@example.com","fullname":"Bheshraj"},"errorMessage":"User already exists","params":{},"query":{},"status":"FAILED","user":"n/a"},"timestamp":"2025-04-10T04:25:44.682Z"}
{"level":"info","message":"/signup","metadata":{"action":"CREATE","body":{"contact":"+1234567890","email":"raj@example.com","fullname":"Bheshraj"},"errorMessage":"User already exists","params":{},"query":{},"status":"FAILED","user":"n/a"},"timestamp":"2025-04-10T04:28:48.417Z"}
{"level":"info","message":"/signup","metadata":{"action":"CREATE","body":{"contact":" 0987654321","email":"superowner@keepme.club","fullname":"Bhesh Raj"},"errorMessage":"User already exists","params":{},"query":{},"status":"FAILED","user":"n/a"},"timestamp":"2025-04-10T10:45:35.083Z"}
{"level":"info","message":"/signup","metadata":{"action":"CREATE","body":{"contact":" 0987654321","email":"superowner@keepme.club","fullname":"Bhesh Raj"},"errorMessage":"User already exists","params":{},"query":{},"status":"FAILED","user":"n/a"},"timestamp":"2025-04-10T10:45:45.667Z"}
{"level":"info","message":"/signup","metadata":{"action":"CREATE","body":{"contact":" 0987654321","email":"superowner@keepme.club","fullname":"Bhesh Raj"},"errorMessage":"User already exists","params":{},"query":{},"status":"FAILED","user":"n/a"},"timestamp":"2025-04-10T10:45:58.746Z"}
{"level":"info","message":"/signup","metadata":{"action":"CREATE","body":{"contact":" 0987654321","email":"superowner@flextech.com","fullname":"Bhesh Raj"},"params":{},"query":{},"status":"SUCCESS","user":"n/a"},"timestamp":"2025-04-10T10:46:21.169Z"}
{"level":"info","message":"/signup","metadata":{"action":"CREATE","body":{"contact":" 0987654321","email":"superowner@flextech.com","fullname":"Bhesh Raj"},"errorMessage":"User already exists","params":{},"query":{},"status":"FAILED","user":"n/a"},"timestamp":"2025-04-10T10:47:31.694Z"}
{"level":"info","message":"/signup","metadata":{"action":"CREATE","body":{"contact":" 0987654321","email":"superowner@flextech.com","fullname":"Bhesh Raj"},"errorMessage":"User already exists","params":{},"query":{},"status":"FAILED","user":"n/a"},"timestamp":"2025-04-10T10:48:27.449Z"}
{"level":"info","message":"/signup","metadata":{"action":"CREATE","body":{"contact":"1234567890","email":"superowner@keepme.club","fullname":"Bhesh Raj"},"errorMessage":"User already exists","params":{},"query":{},"status":"FAILED","user":"n/a"},"timestamp":"2025-04-10T10:53:12.991Z"}
{"level":"info","message":"/signup","metadata":{"action":"CREATE","body":{"contact":"0987654321","email":"aish@gmail.com","fullname":"Bhesh Raj"},"params":{},"query":{},"status":"SUCCESS","user":"n/a"},"timestamp":"2025-04-10T10:54:03.522Z"}
{"level":"info","message":"/signup","metadata":{"action":"CREATE","body":{"contact":" 0987654321","email":"palmmindcore@gmail.com","fullname":"Bhesh"},"params":{},"query":{},"status":"SUCCESS","user":"n/a"},"timestamp":"2025-04-10T11:04:37.827Z"}
{"level":"info","message":"/signup","metadata":{"action":"CREATE","body":{"contact":" 0987654321","email":"r566@gmail.com","fullname":"asdf"},"params":{},"query":{},"status":"SUCCESS","user":"n/a"},"timestamp":"2025-04-10T11:18:17.192Z"}
{"level":"info","message":"/login","metadata":{"action":"CREATE","body":{"email":"r@gmail.comn"},"errorMessage":"User doesnot exists","params":{},"query":{},"status":"FAILED","user":"n/a"},"timestamp":"2025-04-10T11:28:58.139Z"}
{"level":"info","message":"/login","metadata":{"action":"CREATE","body":{"email":"superowner@keepme.club"},"errorMessage":"Illegal arguments: string, undefined","params":{},"query":{},"status":"FAILED","user":"n/a"},"timestamp":"2025-04-10T11:29:11.292Z"}
{"level":"info","message":"/login","metadata":{"action":"CREATE","body":{"email":"rajbhesh566@gmail.comn"},"errorMessage":"Illegal arguments: string, undefined","params":{},"query":{},"status":"FAILED","user":"n/a"},"timestamp":"2025-04-10T11:29:55.186Z"}
{"level":"info","message":"/login","metadata":{"action":"CREATE","body":{"email":"rajbhesh566@gmail.com"},"errorMessage":"Illegal arguments: string, undefined","params":{},"query":{},"status":"FAILED","user":"n/a"},"timestamp":"2025-04-10T11:30:38.211Z"}
{"level":"info","message":"/login","metadata":{"action":"CREATE","body":{"email":"r566@gamil.com"},"errorMessage":"User doesnot exists","params":{},"query":{},"status":"FAILED","user":"n/a"},"timestamp":"2025-04-10T11:31:52.124Z"}
{"level":"info","message":"/signup","metadata":{"action":"CREATE","body":{"contact":" 0987654321","email":"raj1@gamil.com","fullname":"Bhesh Raj"},"params":{},"query":{},"status":"SUCCESS","user":"n/a"},"timestamp":"2025-04-10T11:32:38.094Z"}
{"level":"info","message":"/login","metadata":{"action":"CREATE","body":{"email":"raj1@gamil.com"},"errorMessage":"Illegal arguments: string, undefined","params":{},"query":{},"status":"FAILED","user":"n/a"},"timestamp":"2025-04-10T11:32:47.516Z"}
{"level":"info","message":"/login","metadata":{"action":"CREATE","body":{"email":"raj1@gamil.com"},"errorMessage":"Illegal arguments: string, undefined","params":{},"query":{},"status":"FAILED","user":"n/a"},"timestamp":"2025-04-10T11:32:50.765Z"}
{"level":"info","message":"/login","metadata":{"action":"CREATE","body":{"email":"raj1@gamil.com"},"errorMessage":"Illegal arguments: string, undefined","params":{},"query":{},"status":"FAILED","user":"n/a"},"timestamp":"2025-04-10T11:32:55.217Z"}
{"level":"info","message":"/login","metadata":{"action":"CREATE","body":{"email":"raj1@gamil.com"},"errorMessage":"Illegal arguments: string, undefined","params":{},"query":{},"status":"FAILED","user":"n/a"},"timestamp":"2025-04-10T11:33:40.509Z"}
{"level":"info","message":"/login","metadata":{"action":"CREATE","body":{"email":"raj1@gamil.com"},"errorMessage":"Incorrect email or password","params":{},"query":{},"status":"FAILED","user":"n/a"},"timestamp":"2025-04-10T11:37:47.293Z"}
{"level":"info","message":"/login","metadata":{"action":"CREATE","body":{"email":"raj1@gamil.com"},"errorMessage":"Incorrect email or password","params":{},"query":{},"status":"FAILED","user":"n/a"},"timestamp":"2025-04-10T11:37:52.708Z"}
{"level":"info","message":"/login","metadata":{"action":"CREATE","body":{"email":"raj1@gamil.com"},"errorMessage":"Incorrect email or password","params":{},"query":{},"status":"FAILED","user":"n/a"},"timestamp":"2025-04-10T11:38:00.441Z"}
{"level":"info","message":"/login","metadata":{"action":"CREATE","body":{"email":"raj1@gamil.com"},"params":{},"query":{},"status":"SUCCESS","user":"n/a"},"timestamp":"2025-04-10T11:38:09.230Z"}
{"level":"info","message":"/login","metadata":{"action":"CREATE","body":{"email":"raj1@gamil.com"},"params":{},"query":{},"status":"SUCCESS","user":"n/a"},"timestamp":"2025-04-10T11:38:39.918Z"}
{"level":"info","message":"/login","metadata":{"action":"CREATE","body":{"email":"raj1@gamil.com"},"params":{},"query":{},"status":"SUCCESS","user":"n/a"},"timestamp":"2025-04-10T11:38:46.151Z"}
{"level":"info","message":"/login","metadata":{"action":"CREATE","body":{"email":"superowner@keepme.club"},"errorMessage":"Incorrect email or password","params":{},"query":{},"status":"FAILED","user":"n/a"},"timestamp":"2025-04-10T14:30:08.358Z"}
{"level":"info","message":"/login","metadata":{"action":"CREATE","body":{"email":"superowner@keepme.club"},"errorMessage":"Incorrect email or password","params":{},"query":{},"status":"FAILED","user":"n/a"},"timestamp":"2025-04-10T14:30:10.658Z"}
{"level":"info","message":"/login","metadata":{"action":"CREATE","body":{"email":"superowner@keepme.club"},"errorMessage":"Incorrect email or password","params":{},"query":{},"status":"FAILED","user":"n/a"},"timestamp":"2025-04-10T14:30:11.591Z"}
{"level":"info","message":"/login","metadata":{"action":"CREATE","body":{"email":"superowner@keepme.club"},"errorMessage":"Incorrect email or password","params":{},"query":{},"status":"FAILED","user":"n/a"},"timestamp":"2025-04-10T14:30:12.738Z"}
{"level":"info","message":"/login","metadata":{"action":"CREATE","body":{"email":"superowner@keepme.club"},"errorMessage":"Incorrect email or password","params":{},"query":{},"status":"FAILED","user":"n/a"},"timestamp":"2025-04-10T14:30:19.559Z"}
{"level":"info","message":"/login","metadata":{"action":"CREATE","body":{"email":"superowner@keepme.club"},"errorMessage":"Incorrect email or password","params":{},"query":{},"status":"FAILED","user":"n/a"},"timestamp":"2025-04-10T14:30:22.441Z"}
{"level":"info","message":"/login","metadata":{"action":"CREATE","body":{"email":"superowner@keepme.club"},"errorMessage":"Incorrect email or password","params":{},"query":{},"status":"FAILED","user":"n/a"},"timestamp":"2025-04-10T14:30:33.537Z"}
{"level":"info","message":"/login","metadata":{"action":"CREATE","body":{"email":"superowner@keepme.club"},"errorMessage":"Incorrect email or password","params":{},"query":{},"status":"FAILED","user":"n/a"},"timestamp":"2025-04-10T14:30:41.908Z"}
{"level":"info","message":"/login","metadata":{"action":"CREATE","body":{"email":"superowner@keepme.club"},"params":{},"query":{},"status":"SUCCESS","user":"n/a"},"timestamp":"2025-04-10T14:30:56.078Z"}
{"level":"info","message":"/login","metadata":{"action":"CREATE","body":{"email":"superowner@keepme.club"},"params":{},"query":{},"status":"SUCCESS","user":"n/a"},"timestamp":"2025-04-10T14:33:40.357Z"}
{"level":"info","message":"/login","metadata":{"action":"CREATE","body":{"email":"superowner@keepme.club"},"errorMessage":"Incorrect email or password","params":{},"query":{},"status":"FAILED","user":"n/a"},"timestamp":"2025-04-10T14:33:48.312Z"}
{"level":"info","message":"/login","metadata":{"action":"CREATE","body":{"email":"superowner@keepme.club"},"errorMessage":"Incorrect email or password","params":{},"query":{},"status":"FAILED","user":"n/a"},"timestamp":"2025-04-10T14:33:49.934Z"}
{"level":"info","message":"/login","metadata":{"action":"CREATE","body":{"email":"superowner@keepme.club"},"errorMessage":"Incorrect email or password","params":{},"query":{},"status":"FAILED","user":"n/a"},"timestamp":"2025-04-10T14:33:50.884Z"}
{"level":"info","message":"/login","metadata":{"action":"CREATE","body":{"email":"superowner@keepme.club"},"errorMessage":"Incorrect email or password","params":{},"query":{},"status":"FAILED","user":"n/a"},"timestamp":"2025-04-10T14:33:52.068Z"}
{"level":"info","message":"/login","metadata":{"action":"CREATE","body":{"email":"superowner@keepme.club"},"errorMessage":"Incorrect email or password","params":{},"query":{},"status":"FAILED","user":"n/a"},"timestamp":"2025-04-10T14:33:52.802Z"}
{"level":"info","message":"/login","metadata":{"action":"CREATE","body":{"email":"superowner@keepme.club"},"errorMessage":"Incorrect email or password","params":{},"query":{},"status":"FAILED","user":"n/a"},"timestamp":"2025-04-10T14:33:58.229Z"}
{"level":"info","message":"/login","metadata":{"action":"CREATE","body":{"email":"superowner@keepme.club"},"errorMessage":"Incorrect email or password","params":{},"query":{},"status":"FAILED","user":"n/a"},"timestamp":"2025-04-10T14:35:31.243Z"}
{"level":"info","message":"/login","metadata":{"action":"CREATE","body":{"email":"superowner@keepme.club"},"errorMessage":"Incorrect email or password","params":{},"query":{},"status":"FAILED","user":"n/a"},"timestamp":"2025-04-10T14:35:47.727Z"}
{"level":"info","message":"/login","metadata":{"action":"CREATE","body":{"email":"superowner@keepme.club"},"errorMessage":"Incorrect email or password","params":{},"query":{},"status":"FAILED","user":"n/a"},"timestamp":"2025-04-10T14:35:48.896Z"}
{"level":"info","message":"/login","metadata":{"action":"CREATE","body":{"email":"superowner@keepme.club"},"errorMessage":"Incorrect email or password","params":{},"query":{},"status":"FAILED","user":"n/a"},"timestamp":"2025-04-10T14:36:30.887Z"}
{"level":"info","message":"/login","metadata":{"action":"CREATE","body":{"email":"superowner@keepme.club"},"errorMessage":"Incorrect email or password","params":{},"query":{},"status":"FAILED","user":"n/a"},"timestamp":"2025-04-10T14:43:17.160Z"}
{"level":"info","message":"/login","metadata":{"action":"CREATE","body":{"email":"superowner@keepme.club"},"errorMessage":"Incorrect email or password","params":{},"query":{},"status":"FAILED","user":"n/a"},"timestamp":"2025-04-10T14:55:56.485Z"}
{"level":"info","message":"/login","metadata":{"action":"CREATE","body":{"email":"superowner@keepme.club"},"errorMessage":"Incorrect email or password","params":{},"query":{},"status":"FAILED","user":"n/a"},"timestamp":"2025-04-10T14:55:57.537Z"}
{"level":"info","message":"/login","metadata":{"action":"CREATE","body":{"email":"superowner@keepme.club"},"errorMessage":"Incorrect email or password","params":{},"query":{},"status":"FAILED","user":"n/a"},"timestamp":"2025-04-10T14:55:58.306Z"}
{"level":"info","message":"/login","metadata":{"action":"CREATE","body":{"email":"superowner@keepme.club"},"errorMessage":"Incorrect email or password","params":{},"query":{},"status":"FAILED","user":"n/a"},"timestamp":"2025-04-10T14:55:59.114Z"}
{"level":"info","message":"/login","metadata":{"action":"CREATE","body":{"email":"superowner@keepme.club"},"errorMessage":"Incorrect email or password","params":{},"query":{},"status":"FAILED","user":"n/a"},"timestamp":"2025-04-10T14:56:10.155Z"}
{"level":"info","message":"/login","metadata":{"action":"CREATE","body":{"email":"superowner@keepme.club"},"errorMessage":"Incorrect email or password","params":{},"query":{},"status":"FAILED","user":"n/a"},"timestamp":"2025-04-10T14:56:11.325Z"}
{"level":"info","message":"/login","metadata":{"action":"CREATE","body":{"email":"superowner@keepme.club"},"errorMessage":"Incorrect email or password","params":{},"query":{},"status":"FAILED","user":"n/a"},"timestamp":"2025-04-10T14:56:18.138Z"}
{"level":"info","message":"/login","metadata":{"action":"CREATE","body":{"email":"superowner@keepme.club"},"errorMessage":"Incorrect email or password","params":{},"query":{},"status":"FAILED","user":"n/a"},"timestamp":"2025-04-10T14:56:18.805Z"}
{"level":"info","message":"/login","metadata":{"action":"CREATE","body":{"email":"superowner@keepme.club"},"errorMessage":"Incorrect email or password","params":{},"query":{},"status":"FAILED","user":"n/a"},"timestamp":"2025-04-10T14:56:19.370Z"}
{"level":"info","message":"/login","metadata":{"action":"CREATE","body":{"email":"superowner@keepme.club"},"errorMessage":"Incorrect email or password","params":{},"query":{},"status":"FAILED","user":"n/a"},"timestamp":"2025-04-10T14:56:20.335Z"}
{"level":"info","message":"/login","metadata":{"action":"CREATE","body":{"email":"superowner@keepme.club"},"errorMessage":"Incorrect email or password","params":{},"query":{},"status":"FAILED","user":"n/a"},"timestamp":"2025-04-10T14:58:11.663Z"}
{"level":"info","message":"/verify-email","metadata":{"action":"CREATE","body":{"verificationCode":"111111"},"errorMessage":"Mail is not verified","params":{},"query":{},"status":"FAILED","user":"n/a"},"timestamp":"2025-04-10T15:09:04.359Z"}
{"level":"info","message":"/verify-email","metadata":{"action":"CREATE","body":{"verificationCode":"111111"},"errorMessage":"Mail is not verified","params":{},"query":{},"status":"FAILED","user":"n/a"},"timestamp":"2025-04-10T15:09:11.501Z"}
{"level":"info","message":"/verify-email","metadata":{"action":"CREATE","body":{"verificationCode":"111111"},"errorMessage":"Mail is not verified","params":{},"query":{},"status":"FAILED","user":"n/a"},"timestamp":"2025-04-10T15:10:51.915Z"}
{"level":"info","message":"/verify-email","metadata":{"action":"CREATE","body":{"verificationCode":"111111"},"errorMessage":"Mail is not verified","params":{},"query":{},"status":"FAILED","user":"n/a"},"timestamp":"2025-04-10T15:45:41.852Z"}
{"level":"info","message":"/signup","metadata":{"action":"CREATE","body":{"contact":" 0987654321","email":"aashishneupane566@gmail.com","fullname":"Bhesh Raj"},"params":{},"query":{},"status":"SUCCESS","user":"n/a"},"timestamp":"2025-04-10T17:02:17.975Z"}
{"level":"info","message":"/login","metadata":{"action":"CREATE","body":{"email":"aashishneupane566@gmail.com"},"params":{},"query":{},"status":"SUCCESS","user":"n/a"},"timestamp":"2025-04-10T17:03:37.323Z"}
{"level":"info","message":"/signup","metadata":{"action":"CREATE","body":{"contact":" 0987654321","email":"aashishneupane566@gmail.com","fullname":"Bhesh Raj"},"errorMessage":"User already exists","params":{},"query":{},"status":"FAILED","user":"n/a"},"timestamp":"2025-04-10T17:07:03.388Z"}
{"level":"info","message":"/signup","metadata":{"action":"CREATE","body":{"contact":" 0987654321","email":"aashishneupane566@gmail.com","fullname":"Bhesh Raj"},"errorMessage":"Failed to send email verification","params":{},"query":{},"status":"FAILED","user":"n/a"},"timestamp":"2025-04-10T17:10:14.527Z"}
{"level":"info","message":"/signup","metadata":{"action":"CREATE","body":{"contact":" 0987654321","email":"aashishneupane566@gmail.com","fullname":"Bhesh Raj"},"errorMessage":"User already exists","params":{},"query":{},"status":"FAILED","user":"n/a"},"timestamp":"2025-04-10T17:13:11.144Z"}
{"level":"info","message":"/signup","metadata":{"action":"CREATE","body":{"contact":" 0987654321","email":"aashishneupane566@gmail.com","fullname":"Bhesh Raj"},"errorMessage":"Failed to send email verification","params":{},"query":{},"status":"FAILED","user":"n/a"},"timestamp":"2025-04-10T17:13:28.784Z"}
{"level":"info","message":"/signup","metadata":{"action":"CREATE","body":{"contact":" 0987654321","email":"aashishneupane566@gmail.com","fullname":"Bhesh Raj"},"errorMessage":"User already exists","params":{},"query":{},"status":"FAILED","user":"n/a"},"timestamp":"2025-04-10T17:17:02.021Z"}
{"level":"info","message":"/signup","metadata":{"action":"CREATE","body":{"contact":" 0987654321","email":"aashishneupane566@gmail.com","fullname":"Bhesh Raj"},"errorMessage":"Failed to send email verification","params":{},"query":{},"status":"FAILED","user":"n/a"},"timestamp":"2025-04-10T17:17:12.736Z"}
{"level":"info","message":"/signup","metadata":{"action":"CREATE","body":{"contact":" 0987654321","email":"aashishneupane566@gmail.com","fullname":"Bhesh Raj"},"errorMessage":"Failed to send email verification","params":{},"query":{},"status":"FAILED","user":"n/a"},"timestamp":"2025-04-10T17:22:02.733Z"}
{"level":"info","message":"/signup","metadata":{"action":"CREATE","body":{"contact":" 0987654321","email":"aashishneupane566@gmail.com","fullname":"Bhesh Raj"},"params":{},"query":{},"status":"SUCCESS","user":"n/a"},"timestamp":"2025-04-10T17:23:23.105Z"}
{"level":"info","message":"/verify-email","metadata":{"action":"CREATE","body":{"verificationCode":"J33TMW"},"errorMessage":"Mail is not verified","params":{},"query":{},"status":"FAILED","user":"n/a"},"timestamp":"2025-04-10T17:24:11.480Z"}
{"level":"info","message":"/verify-email","metadata":{"action":"CREATE","body":{"verificationCode":"J33TMW"},"errorMessage":"Mail is not verified","params":{},"query":{},"status":"FAILED","user":"n/a"},"timestamp":"2025-04-10T17:24:26.703Z"}
{"level":"info","message":"/signup","metadata":{"action":"CREATE","body":{"contact":" 0987654321","email":"aashishneupane566@gmail.com","fullname":"Bhesh Raj"},"errorMessage":"User already exists","params":{},"query":{},"status":"FAILED","user":"n/a"},"timestamp":"2025-04-10T17:27:16.161Z"}
{"level":"info","message":"/signup","metadata":{"action":"CREATE","body":{"contact":" 0987654321","email":"aashishneupane566@gmail.com","fullname":"Bhesh Raj"},"params":{},"query":{},"status":"SUCCESS","user":"n/a"},"timestamp":"2025-04-10T17:27:25.018Z"}
{"level":"info","message":"/verify-email","metadata":{"action":"CREATE","body":{"verificationCode":"zjd3l0"},"errorMessage":"Mail is not verified","params":{},"query":{},"status":"FAILED","user":"n/a"},"timestamp":"2025-04-10T17:27:53.776Z"}
{"level":"info","message":"/verify-email","metadata":{"action":"CREATE","body":{"verificationCode":"zjd3l0"},"errorMessage":"Mail is not verified","params":{},"query":{},"status":"FAILED","user":"n/a"},"timestamp":"2025-04-10T17:29:57.103Z"}
{"level":"info","message":"/verify-email","metadata":{"action":"CREATE","body":{"verificationCode":"zjd3l0"},"errorMessage":"Mail is not verified","params":{},"query":{},"status":"FAILED","user":"n/a"},"timestamp":"2025-04-10T17:29:58.029Z"}
{"level":"info","message":"/verify-email","metadata":{"action":"CREATE","body":{"verificationCode":"zjd3l0"},"errorMessage":"Mail is not verified","params":{},"query":{},"status":"FAILED","user":"n/a"},"timestamp":"2025-04-10T17:32:05.196Z"}
{"level":"info","message":"/verify-email","metadata":{"action":"CREATE","body":{"verificationCode":"zjd3l0"},"errorMessage":"Mail is not verified","params":{},"query":{},"status":"FAILED","user":"n/a"},"timestamp":"2025-04-10T17:33:07.152Z"}
{"level":"info","message":"/verify-email","metadata":{"action":"CREATE","body":{"verificationCode":"zjd3l0"},"errorMessage":"Mail is not verified","params":{},"query":{},"status":"FAILED","user":"n/a"},"timestamp":"2025-04-10T17:33:53.798Z"}
{"level":"info","message":"/verify-email","metadata":{"action":"CREATE","body":{"verificationCode":"zjd3l0"},"errorMessage":"Mail is not verified","params":{},"query":{},"status":"FAILED","user":"n/a"},"timestamp":"2025-04-10T17:39:17.104Z"}
{"level":"info","message":"/verify-email","metadata":{"action":"CREATE","body":{"verificationCode":"zjd3l0"},"errorMessage":"Mail is not verified","params":{},"query":{},"status":"FAILED","user":"n/a"},"timestamp":"2025-04-10T17:40:29.431Z"}
{"level":"info","message":"/verify-email","metadata":{"action":"CREATE","body":{"verificationCode":"zjd3l0"},"params":{},"query":{},"status":"SUCCESS","user":"n/a"},"timestamp":"2025-04-10T17:44:23.317Z"}
{"level":"info","message":"/login","metadata":{"action":"CREATE","body":{"email":"aashishneupane566@gmail.com"},"errorMessage":"Incorrect email or password","params":{},"query":{},"status":"FAILED","user":"n/a"},"timestamp":"2025-04-10T17:56:32.003Z"}
{"level":"info","message":"/login","metadata":{"action":"CREATE","body":{"email":"aashishneupane566@gmail.com"},"errorMessage":"Incorrect email or password","params":{},"query":{},"status":"FAILED","user":"n/a"},"timestamp":"2025-04-10T17:56:34.445Z"}
{"level":"info","message":"/login","metadata":{"action":"CREATE","body":{"email":"aashishneupane566@gmail.com"},"params":{},"query":{},"status":"SUCCESS","user":"n/a"},"timestamp":"2025-04-10T17:56:36.976Z"}
{"level":"info","message":"/forgot-password","metadata":{"action":"CREATE","body":{"email":"rajbhesh566@gmail.com"},"errorMessage":"User not found","params":{},"query":{},"status":"FAILED","user":"n/a"},"timestamp":"2025-04-13T05:53:05.898Z"}
{"level":"info","message":"/forgot-password","metadata":{"action":"CREATE","body":{"email":"raj1@gmail.com"},"errorMessage":"User not found","params":{},"query":{},"status":"FAILED","user":"n/a"},"timestamp":"2025-04-13T05:53:23.173Z"}
{"level":"info","message":"/forgot-password","metadata":{"action":"CREATE","body":{"email":"aashishneupane566@gmail.com"},"errorMessage":"Failed to reset password","params":{},"query":{},"status":"FAILED","user":"n/a"},"timestamp":"2025-04-13T05:55:32.195Z"}
{"level":"info","message":"/forgot-password","metadata":{"action":"CREATE","body":{"email":"aashishneupane566@gmail.com"},"params":{},"query":{},"status":"SUCCESS","user":"n/a"},"timestamp":"2025-04-13T05:57:28.749Z"}
{"level":"info","message":"/forgot-password","metadata":{"action":"CREATE","body":{"email":"aashishneupane566@gmail.com"},"params":{},"query":{},"status":"SUCCESS","user":"n/a"},"timestamp":"2025-04-13T05:58:53.385Z"}
{"level":"info","message":"/forgot-password","metadata":{"action":"CREATE","body":{"email":"aashishneupane566@gmail.com"},"errorMessage":"Failed to reset password","params":{},"query":{},"status":"FAILED","user":"n/a"},"timestamp":"2025-04-13T06:57:56.615Z"}
{"level":"info","message":"/forgot-password","metadata":{"action":"CREATE","body":{"email":"aashishneupane566@gmail.com"},"errorMessage":"Failed to reset password","params":{},"query":{},"status":"FAILED","user":"n/a"},"timestamp":"2025-04-13T06:59:39.018Z"}
{"level":"info","message":"/forgot-password","metadata":{"action":"CREATE","body":{"email":"aashishneupane566@gmail.com"},"errorMessage":"Failed to reset password","params":{},"query":{},"status":"FAILED","user":"n/a"},"timestamp":"2025-04-13T07:01:01.717Z"}
{"level":"info","message":"/forgot-password","metadata":{"action":"CREATE","body":{"email":"aashishneupane566@gmail.com"},"errorMessage":"Failed to reset password","params":{},"query":{},"status":"FAILED","user":"n/a"},"timestamp":"2025-04-13T07:03:08.890Z"}
{"level":"info","message":"/forgot-password","metadata":{"action":"CREATE","body":{"email":"aashishneupane566@gmail.com"},"errorMessage":"Failed to reset password","params":{},"query":{},"status":"FAILED","user":"n/a"},"timestamp":"2025-04-13T07:05:46.371Z"}
{"level":"info","message":"/forgot-password","metadata":{"action":"CREATE","body":{"email":"aashishneupane566@gmail.com"},"errorMessage":"Failed to reset password","params":{},"query":{},"status":"FAILED","user":"n/a"},"timestamp":"2025-04-13T07:07:14.966Z"}
{"level":"info","message":"/forgot-password","metadata":{"action":"CREATE","body":{"email":"aashishneupane566@gmail.com"},"errorMessage":"Failed to reset password","params":{},"query":{},"status":"FAILED","user":"n/a"},"timestamp":"2025-04-13T07:08:23.948Z"}
{"level":"info","message":"/forgot-password","metadata":{"action":"CREATE","body":{"email":"aashishneupane566@gmail.com"},"errorMessage":"Failed to reset password","params":{},"query":{},"status":"FAILED","user":"n/a"},"timestamp":"2025-04-13T07:08:32.655Z"}
{"level":"info","message":"/forgot-password","metadata":{"action":"CREATE","body":{"email":"aashishneupane566@gmail.com"},"errorMessage":"Failed to reset password","params":{},"query":{},"status":"FAILED","user":"n/a"},"timestamp":"2025-04-13T07:09:14.522Z"}
{"level":"info","message":"/forgot-password","metadata":{"action":"CREATE","body":{"email":"aashishneupane566@gmail.com"},"errorMessage":"Failed to reset password","params":{},"query":{},"status":"FAILED","user":"n/a"},"timestamp":"2025-04-13T07:10:38.436Z"}
{"level":"info","message":"/forgot-password","metadata":{"action":"CREATE","body":{"email":"aashishneupane566@gmail.com"},"errorMessage":"Failed to reset password","params":{},"query":{},"status":"FAILED","user":"n/a"},"timestamp":"2025-04-13T07:11:21.926Z"}
{"level":"info","message":"/forgot-password","metadata":{"action":"CREATE","body":{"email":"aashishneupane566@gmail.com"},"errorMessage":"Failed to reset password","params":{},"query":{},"status":"FAILED","user":"n/a"},"timestamp":"2025-04-13T07:11:32.095Z"}
{"level":"info","message":"/forgot-password","metadata":{"action":"CREATE","body":{"email":"aashishneupane566@gmail.com"},"errorMessage":"Failed to reset password","params":{},"query":{},"status":"FAILED","user":"n/a"},"timestamp":"2025-04-13T07:15:33.047Z"}
{"level":"info","message":"/forgot-password","metadata":{"action":"CREATE","body":{"email":"aashishneupane566@gmail.com"},"params":{},"query":{},"status":"SUCCESS","user":"n/a"},"timestamp":"2025-04-13T07:17:29.652Z"}
{"level":"info","message":"/forgot-password","metadata":{"action":"CREATE","body":{"email":"aashishneupane566@gmail.com"},"params":{},"query":{},"status":"SUCCESS","user":"n/a"},"timestamp":"2025-04-13T07:19:08.696Z"}
{"level":"info","message":"/forgot-password","metadata":{"action":"CREATE","body":{"email":"aashishneupane566@gmail.com"},"params":{},"query":{},"status":"SUCCESS","user":"n/a"},"timestamp":"2025-04-13T07:25:42.030Z"}
{"level":"info","message":"/reset-password/f3cf154814c146212027637a48db915dc07cbaa0831615e587605fa01cc01e36b320147caac35161","metadata":{"action":"CREATE","body":{"newPassword":"asdfghjkl"},"params":{"token":"f3cf154814c146212027637a48db915dc07cbaa0831615e587605fa01cc01e36b320147caac35161"},"query":{},"status":"SUCCESS","user":"n/a"},"timestamp":"2025-04-13T07:26:02.700Z"}
{"level":"info","message":"/login","metadata":{"action":"CREATE","body":{"email":"aashishneupane566@gmail.com"},"errorMessage":"Incorrect email or password","params":{},"query":{},"status":"FAILED","user":"n/a"},"timestamp":"2025-04-13T07:26:19.014Z"}
{"level":"info","message":"/login","metadata":{"action":"CREATE","body":{"email":"aashishneupane566@gmail.com"},"params":{},"query":{},"status":"SUCCESS","user":"n/a"},"timestamp":"2025-04-13T07:26:27.317Z"}
{"level":"info","message":"/forgot-password","metadata":{"action":"CREATE","body":{"email":"aashishneupane566@gmail.com"},"params":{},"query":{},"status":"SUCCESS","user":"n/a"},"timestamp":"2025-04-13T07:30:56.477Z"}
{"level":"info","message":"/forgot-password","metadata":{"action":"CREATE","body":{"email":"aashishneupane566@gmail.com"},"params":{},"query":{},"status":"SUCCESS","user":"n/a"},"timestamp":"2025-04-13T07:32:17.684Z"}
{"level":"info","message":"/login","metadata":{"action":"CREATE","body":{"email":"aashishneupane566@gmail.com"},"params":{},"query":{},"status":"SUCCESS","user":"n/a"},"timestamp":"2025-04-13T07:34:34.585Z"}
{"level":"info","message":"/login","metadata":{"action":"CREATE","body":{"email":"aashishneupane566@gmail.com"},"errorMessage":"Incorrect email or password","params":{},"query":{},"status":"FAILED","user":"n/a"},"timestamp":"2025-04-13T07:38:43.975Z"}
{"level":"info","message":"/login","metadata":{"action":"CREATE","body":{"email":"aashishneupane566@gmail.com"},"params":{},"query":{},"status":"SUCCESS","user":"n/a"},"timestamp":"2025-04-13T07:38:59.153Z"}
{"level":"info","message":"/login","metadata":{"action":"CREATE","body":{"email":"aashishneupane566@gmail.com"},"errorMessage":"Cannot read properties of undefined (reading 'access_token')","params":{},"query":{},"status":"FAILED","user":"n/a"},"timestamp":"2025-04-13T07:40:52.868Z"}
{"level":"info","message":"/login","metadata":{"action":"CREATE","body":{"email":"aashishneupane566@gmail.com"},"errorMessage":"Cannot read properties of undefined (reading 'access_token')","params":{},"query":{},"status":"FAILED","user":"n/a"},"timestamp":"2025-04-13T07:41:07.441Z"}
{"level":"info","message":"/login","metadata":{"action":"CREATE","body":{"email":"aashishneupane566@gmail.com"},"params":{},"query":{},"status":"SUCCESS","user":"n/a"},"timestamp":"2025-04-13T07:41:34.420Z"}
{"level":"info","message":"/login","metadata":{"action":"CREATE","body":{"email":"aashishneupane566@gmail.com"},"params":{},"query":{},"status":"SUCCESS","user":"n/a"},"timestamp":"2025-04-13T07:44:36.100Z"}
{"level":"info","message":"/login","metadata":{"action":"CREATE","body":{"email":"aashishneupane566@gmail.com"},"params":{},"query":{},"status":"SUCCESS","user":"n/a"},"timestamp":"2025-04-13T07:47:34.521Z"}
{"level":"info","message":"/login","metadata":{"action":"CREATE","body":{"email":"aashishneupane566@gmail.com"},"params":{},"query":{},"status":"SUCCESS","user":"n/a"},"timestamp":"2025-04-13T07:50:28.113Z"}
{"level":"info","message":"/login","metadata":{"action":"CREATE","body":{"email":"aashishneupane566@gmail.com"},"params":{},"query":{},"status":"SUCCESS","user":"n/a"},"timestamp":"2025-04-13T07:53:43.137Z"}
{"level":"info","message":"/login","metadata":{"action":"CREATE","body":{"emai":"aashishneupane566@gmail.com"},"errorMessage":"User doesnot exists","params":{},"query":{},"status":"FAILED","user":"n/a"},"timestamp":"2025-04-13T07:55:24.671Z"}
{"level":"info","message":"/login","metadata":{"action":"CREATE","body":{"email":"aashishneupane566@gmail.com"},"params":{},"query":{},"status":"SUCCESS","user":"n/a"},"timestamp":"2025-04-13T07:55:59.791Z"}
{"level":"info","message":"/login","metadata":{"action":"CREATE","body":{"email":"aashishneupane566@gmail.com"},"errorMessage":"Incorrect email or password","params":{},"query":{},"status":"FAILED","user":"n/a"},"timestamp":"2025-04-13T09:13:22.203Z"}
{"level":"info","message":"/login","metadata":{"action":"CREATE","body":{"email":"aashishneupane566@gmail.com"},"errorMessage":"Incorrect email or password","params":{},"query":{},"status":"FAILED","user":"n/a"},"timestamp":"2025-04-13T09:14:11.520Z"}
{"level":"info","message":"/login","metadata":{"action":"CREATE","body":{"email":"aashishneupane566@gmail.com"},"params":{},"query":{},"status":"SUCCESS","user":"n/a"},"timestamp":"2025-04-13T09:14:20.207Z"}
{"level":"info","message":"/verify-email","metadata":{"action":"CREATE","body":{"verificationCode":"111111"},"errorMessage":"Mail is not verified","params":{},"query":{},"status":"FAILED","user":"n/a"},"timestamp":"2025-04-13T09:33:13.710Z"}
{"level":"info","message":"/signup","metadata":{"action":"CREATE","body":{"contact":"0987654321","email":"aashishneupane566@gmail.com","fullname":"Bhesh Raj"},"params":{},"query":{},"status":"SUCCESS","user":"n/a"},"timestamp":"2025-04-13T09:34:11.182Z"}
{"level":"info","message":"/verify-email","metadata":{"action":"CREATE","body":{"verificationCode":"fM8KTI"},"params":{},"query":{},"status":"SUCCESS","user":"n/a"},"timestamp":"2025-04-13T09:34:38.562Z"}
{"level":"info","message":"/verify-email","metadata":{"action":"CREATE","body":{"verificationCode":"111111"},"errorMessage":"Mail is not verified","params":{},"query":{},"status":"FAILED","user":"n/a"},"timestamp":"2025-04-13T09:35:59.239Z"}
{"level":"info","message":"/verify-email","metadata":{"action":"CREATE","body":{"verificationCode":"111111"},"errorMessage":"Mail is not verified","params":{},"query":{},"status":"FAILED","user":"n/a"},"timestamp":"2025-04-13T09:36:52.810Z"}
{"level":"info","message":"/verify-email","metadata":{"action":"CREATE","body":{"verificationCode":"fM8KTI"},"errorMessage":"Mail is not verified","params":{},"query":{},"status":"FAILED","user":"n/a"},"timestamp":"2025-04-13T09:37:16.687Z"}
{"level":"info","message":"/login","metadata":{"action":"CREATE","body":{"email":"rajbhesh566@gmail.comn"},"errorMessage":"User doesnot exists","params":{},"query":{},"status":"FAILED","user":"n/a"},"timestamp":"2025-04-13T09:37:59.751Z"}
{"level":"info","message":"/login","metadata":{"action":"CREATE","body":{"email":"aashishneupane566@gmail.com"},"params":{},"query":{},"status":"SUCCESS","user":"n/a"},"timestamp":"2025-04-13T09:38:18.712Z"}
{"level":"info","message":"/verify-email","metadata":{"action":"CREATE","body":{"verificationCode":"fM8KTI"},"errorMessage":"Mail is not verified","params":{},"query":{},"status":"FAILED","user":"n/a"},"timestamp":"2025-04-13T09:38:45.696Z"}
{"level":"info","message":"/verify-email","metadata":{"action":"CREATE","body":{"verificationCode":"fM8KTI"},"errorMessage":"Mail is not verified","params":{},"query":{},"status":"FAILED","user":"n/a"},"timestamp":"2025-04-13T09:38:47.201Z"}
{"level":"info","message":"/signup","metadata":{"action":"CREATE","body":{"contact":"0987654321","email":"aashishneupane566@gmail.com","fullname":"Bhesh Raj"},"params":{},"query":{},"status":"SUCCESS","user":"n/a"},"timestamp":"2025-04-13T09:39:43.313Z"}
{"level":"info","message":"/verify-email","metadata":{"action":"CREATE","body":{"verificationCode":"dpzSSu"},"params":{},"query":{},"status":"SUCCESS","user":"n/a"},"timestamp":"2025-04-13T09:40:14.196Z"}
{"level":"info","message":"/login","metadata":{"action":"CREATE","body":{"email":"aashishneupane566@gmail.com"},"params":{},"query":{},"status":"SUCCESS","user":"n/a"},"timestamp":"2025-04-13T09:44:14.005Z"}
{"level":"info","message":"/verify-email","metadata":{"action":"CREATE","body":{"verificationCode":"111111"},"errorMessage":"Mail is not verified","params":{},"query":{},"status":"FAILED","user":"n/a"},"timestamp":"2025-04-13T09:44:21.363Z"}
{"level":"info","message":"/verify-email","metadata":{"action":"CREATE","body":{"verificationCode":"dpzSSu"},"errorMessage":"Mail is not verified","params":{},"query":{},"status":"FAILED","user":"n/a"},"timestamp":"2025-04-13T09:44:50.229Z"}
{"level":"info","message":"/verify-email","metadata":{"action":"CREATE","body":{"verificationCode":"dpzSSu"},"errorMessage":"Mail is not verified","params":{},"query":{},"status":"FAILED","user":"n/a"},"timestamp":"2025-04-13T09:44:51.896Z"}
{"level":"info","message":"/verify-email","metadata":{"action":"CREATE","body":{"verificationCode":"dpzSSu"},"errorMessage":"Mail is not verified","params":{},"query":{},"status":"FAILED","user":"n/a"},"timestamp":"2025-04-13T09:44:52.513Z"}
{"level":"info","message":"/verify-email","metadata":{"action":"CREATE","body":{"verificationCode":"dpzSSu"},"errorMessage":"Mail is not verified","params":{},"query":{},"status":"FAILED","user":"n/a"},"timestamp":"2025-04-13T09:44:52.709Z"}
{"level":"info","message":"/verify-email","metadata":{"action":"CREATE","body":{"verificationCode":"dpzSSu"},"errorMessage":"Mail is not verified","params":{},"query":{},"status":"FAILED","user":"n/a"},"timestamp":"2025-04-13T09:44:52.910Z"}
{"level":"info","message":"/verify-email","metadata":{"action":"CREATE","body":{"verificationCode":"dpzSSu"},"errorMessage":"Mail is not verified","params":{},"query":{},"status":"FAILED","user":"n/a"},"timestamp":"2025-04-13T09:44:53.109Z"}
{"level":"info","message":"/verify-email","metadata":{"action":"CREATE","body":{"verificationCode":"dpzSSu"},"errorMessage":"Mail is not verified","params":{},"query":{},"status":"FAILED","user":"n/a"},"timestamp":"2025-04-13T09:44:53.308Z"}
{"level":"info","message":"/verify-email","metadata":{"action":"CREATE","body":{"verificationCode":"dpzSSu"},"errorMessage":"Mail is not verified","params":{},"query":{},"status":"FAILED","user":"n/a"},"timestamp":"2025-04-13T09:44:53.492Z"}
{"level":"info","message":"/verify-email","metadata":{"action":"CREATE","body":{"verificationCode":"dpzSSu"},"errorMessage":"Mail is not verified","params":{},"query":{},"status":"FAILED","user":"n/a"},"timestamp":"2025-04-13T09:44:53.692Z"}
{"level":"info","message":"/verify-email","metadata":{"action":"CREATE","body":{"verificationCode":"dpzSSu"},"errorMessage":"Mail is not verified","params":{},"query":{},"status":"FAILED","user":"n/a"},"timestamp":"2025-04-13T09:47:22.399Z"}
{"level":"info","message":"/verify-email","metadata":{"action":"CREATE","body":{"verificationCode":"dpzSSu"},"errorMessage":"Mail is not verified","params":{},"query":{},"status":"FAILED","user":"n/a"},"timestamp":"2025-04-13T09:47:45.517Z"}
{"level":"info","message":"/signup","metadata":{"action":"CREATE","body":{"contact":" 0987654321","email":"aashishneupane566@gmail.com","fullname":"Bhesh Raj"},"params":{},"query":{},"status":"SUCCESS","user":"n/a"},"timestamp":"2025-04-13T09:48:53.206Z"}
{"level":"info","message":"/verify-email","metadata":{"action":"CREATE","body":{"verificationCode":"v1cf4u"},"params":{},"query":{},"status":"SUCCESS","user":"n/a"},"timestamp":"2025-04-13T09:49:16.598Z"}
{"level":"info","message":"/verify-email","metadata":{"action":"CREATE","body":{"verificationCode":"v1cf4u"},"errorMessage":"Mail is not verified","params":{},"query":{},"status":"FAILED","user":"n/a"},"timestamp":"2025-04-13T09:51:23.426Z"}
{"level":"info","message":"/verify-email","metadata":{"action":"CREATE","body":{"verificationCode":"v1cf4u"},"errorMessage":"Mail is not verified","params":{},"query":{},"status":"FAILED","user":"n/a"},"timestamp":"2025-04-13T09:51:24.848Z"}
{"level":"info","message":"/login","metadata":{"action":"CREATE","body":{"email":"aashishneupane566@gmail.com"},"params":{},"query":{},"status":"SUCCESS","user":"n/a"},"timestamp":"2025-04-13T09:54:29.375Z"}
{"level":"info","message":"/verify-email","metadata":{"action":"CREATE","body":{"verificationCode":"v1cf4u"},"errorMessage":"Mail is not verified","params":{},"query":{},"status":"FAILED","user":"n/a"},"timestamp":"2025-04-13T09:54:39.240Z"}
{"level":"info","message":"/signup","metadata":{"action":"CREATE","body":{"contact":"0987654321","email":"rajbhesh566@gmail.comn","fullname":"Bhesh Raj"},"errorMessage":"Failed to send email verification","params":{},"query":{},"status":"FAILED","user":"n/a"},"timestamp":"2025-04-13T09:57:12.736Z"}
{"level":"info","message":"/signup","metadata":{"action":"CREATE","body":{"contact":"0987654321","email":"aashishneupane566@gmail.com","fullname":"Bhesh Raj"},"params":{},"query":{},"status":"SUCCESS","user":"n/a"},"timestamp":"2025-04-13T09:58:46.000Z"}
{"level":"info","message":"/verify-email","metadata":{"action":"CREATE","body":{"verificationCode":"h7xgT5"},"params":{},"query":{},"status":"SUCCESS","user":"n/a"},"timestamp":"2025-04-13T09:59:08.190Z"}
{"level":"info","message":"/signup","metadata":{"action":"CREATE","body":{"contact":"0987654321","email":"aashishneupane566@gmail.com","fullname":"Bhesh Raj"},"params":{},"query":{},"status":"SUCCESS","user":"n/a"},"timestamp":"2025-04-13T10:01:54.621Z"}
{"level":"info","message":"/verify-email","metadata":{"action":"CREATE","body":{"verificationCode":"HODsV7"},"params":{},"query":{},"status":"SUCCESS","user":"n/a"},"timestamp":"2025-04-13T10:02:18.622Z"}
{"level":"info","message":"/login","metadata":{"action":"CREATE","body":{"email":"aashishneupane566@gmail.com"},"params":{},"query":{},"status":"SUCCESS","user":"n/a"},"timestamp":"2025-04-13T10:52:36.351Z"}
{"level":"info","message":"/login","metadata":{"action":"CREATE","body":{"email":"aashishneupane566@gmail.com"},"params":{},"query":{},"status":"SUCCESS","user":"n/a"},"timestamp":"2025-04-13T10:54:22.206Z"}
{"level":"info","message":"/login","metadata":{"action":"CREATE","body":{"email":"aashishneupane566@gmail.com"},"errorMessage":"Incorrect email or password","params":{},"query":{},"status":"FAILED","user":"n/a"},"timestamp":"2025-04-13T11:06:52.456Z"}
{"level":"info","message":"/login","metadata":{"action":"CREATE","body":{"email":"aashishneupane566@gmail.com"},"errorMessage":"Incorrect email or password","params":{},"query":{},"status":"FAILED","user":"n/a"},"timestamp":"2025-04-13T11:06:55.741Z"}
{"level":"info","message":"/login","metadata":{"action":"CREATE","body":{"email":"aashishneupane566@gmail.com"},"params":{},"query":{},"status":"SUCCESS","user":"n/a"},"timestamp":"2025-04-13T11:07:03.426Z"}
{"level":"info","message":"/login","metadata":{"action":"CREATE","body":{"email":"aashishneupane566@gmail.com"},"params":{},"query":{},"status":"SUCCESS","user":"n/a"},"timestamp":"2025-04-13T12:04:41.014Z"}
{"level":"info","message":"/check-auth","metadata":{"action":"VIEW","body":{},"errorMessage":"User not authenticated","params":{},"query":{},"status":"FAILED","user":"n/a"},"timestamp":"2025-04-13T12:14:17.079Z"}
{"level":"info","message":"/check-auth","metadata":{"action":"VIEW","body":{},"errorMessage":"User not authenticated","params":{},"query":{},"status":"FAILED","user":"n/a"},"timestamp":"2025-04-13T12:14:34.824Z"}
{"level":"info","message":"/login","metadata":{"action":"CREATE","body":{"email":"aashishneupane566@gmail.com"},"params":{},"query":{},"status":"SUCCESS","user":"n/a"},"timestamp":"2025-04-13T12:17:03.225Z"}
{"level":"info","message":"/login","metadata":{"action":"CREATE","body":{"email":"aashishneupane566@gmail.com"},"params":{},"query":{},"status":"SUCCESS","user":"n/a"},"timestamp":"2025-04-13T12:41:46.937Z"}
{"level":"info","message":"/verify-email","metadata":{"action":"CREATE","body":{"verificationCode":"111111"},"errorMessage":"Mail is not verified","params":{},"query":{},"status":"FAILED","user":"n/a"},"timestamp":"2025-04-13T12:42:00.918Z"}
{"level":"info","message":"/verify-email","metadata":{"action":"CREATE","body":{"verificationCode":"111111"},"errorMessage":"Mail is not verified","params":{},"query":{},"status":"FAILED","user":"n/a"},"timestamp":"2025-04-13T12:42:21.994Z"}
{"level":"info","message":"/login","metadata":{"action":"CREATE","body":{"email":"aashishneupane566@gmail.com"},"errorMessage":"User doesnot exists","params":{},"query":{},"status":"FAILED","user":"n/a"},"timestamp":"2025-04-13T12:44:41.841Z"}
{"level":"info","message":"/login","metadata":{"action":"CREATE","body":{"email":"aashishneupane566@gmail.com"},"errorMessage":"User doesnot exists","params":{},"query":{},"status":"FAILED","user":"n/a"},"timestamp":"2025-04-13T12:44:45.809Z"}
{"level":"info","message":"/login","metadata":{"action":"CREATE","body":{"email":"aashishneupane566@gmail.com"},"errorMessage":"User doesnot exists","params":{},"query":{},"status":"FAILED","user":"n/a"},"timestamp":"2025-04-13T12:44:46.957Z"}
{"level":"info","message":"/signup","metadata":{"action":"CREATE","body":{"contact":" 0987654321","email":"aashishneupane566@gmail.com","fullname":"Bhesh Raj"},"errorMessage":"Failed to send email verification","params":{},"query":{},"status":"FAILED","user":"n/a"},"timestamp":"2025-04-13T12:45:10.629Z"}
{"level":"info","message":"/signup","metadata":{"action":"CREATE","body":{"contact":" 0987654321","email":"aashishneupane566@gmail.com","fullname":"Bhesh Raj"},"errorMessage":"User already exists","params":{},"query":{},"status":"FAILED","user":"n/a"},"timestamp":"2025-04-13T12:46:55.988Z"}
{"level":"info","message":"/signup","metadata":{"action":"CREATE","body":{"contact":" 0987654321","email":"aashishneupane566@gmail.com","fullname":"Bhesh Raj"},"errorMessage":"Failed to send email verification","params":{},"query":{},"status":"FAILED","user":"n/a"},"timestamp":"2025-04-13T12:47:09.903Z"}
{"level":"info","message":"/signup","metadata":{"action":"CREATE","body":{"contact":" 0987654321","email":"aashishneupane566@gmail.com","fullname":"Bhesh Raj"},"errorMessage":"User already exists","params":{},"query":{},"status":"FAILED","user":"n/a"},"timestamp":"2025-04-13T12:47:27.088Z"}
{"level":"info","message":"/signup","metadata":{"action":"CREATE","body":{"contact":" 0987654321","email":"aashishneupane566@gmail.com","fullname":"Bhesh Raj"},"errorMessage":"Failed to send email verification","params":{},"query":{},"status":"FAILED","user":"n/a"},"timestamp":"2025-04-13T12:47:34.040Z"}
{"level":"info","message":"/signup","metadata":{"action":"CREATE","body":{"contact":" 0987654321","email":"aashishneupane566@gmail.com","fullname":"Bhesh Raj"},"errorMessage":"Failed to send email verification","params":{},"query":{},"status":"FAILED","user":"n/a"},"timestamp":"2025-04-13T12:48:14.681Z"}
{"level":"info","message":"/signup","metadata":{"action":"CREATE","body":{"contact":" 0987654321","email":"aashishneupane566@gmail.com","fullname":"Bhesh Raj"},"errorMessage":"User already exists","params":{},"query":{},"status":"FAILED","user":"n/a"},"timestamp":"2025-04-13T12:49:11.101Z"}
{"level":"info","message":"/signup","metadata":{"action":"CREATE","body":{"contact":" 0987654321","email":"aashishneupane566@gmail.com","fullname":"Bhesh Raj"},"errorMessage":"User already exists","params":{},"query":{},"status":"FAILED","user":"n/a"},"timestamp":"2025-04-13T12:49:12.476Z"}
{"level":"info","message":"/signup","metadata":{"action":"CREATE","body":{"contact":" 0987654321","email":"aashishneupane566@gmail.com","fullname":"Bhesh Raj"},"params":{},"query":{},"status":"SUCCESS","user":"n/a"},"timestamp":"2025-04-13T12:49:29.767Z"}
{"level":"info","message":"/verify-email","metadata":{"action":"CREATE","body":{"verificationCode":"AqnN2r"},"params":{},"query":{},"status":"SUCCESS","user":"n/a"},"timestamp":"2025-04-13T12:50:37.556Z"}
{"level":"info","message":"/login","metadata":{"action":"CREATE","body":{"email":"aashishneupane566@gmail.com"},"params":{},"query":{},"status":"SUCCESS","user":"n/a"},"timestamp":"2025-04-13T12:51:22.141Z"}
{"level":"info","message":"/login","metadata":{"action":"CREATE","body":{"email":"aashishneupane566@gmail.com"},"params":{},"query":{},"status":"SUCCESS","user":"n/a"},"timestamp":"2025-04-13T12:56:41.899Z"}
{"level":"info","message":"/login","metadata":{"action":"CREATE","body":{"email":"aashishneupane566@gmail.com"},"params":{},"query":{},"status":"SUCCESS","user":"n/a"},"timestamp":"2025-04-13T12:57:23.499Z"}
{"level":"info","message":"/login","metadata":{"action":"CREATE","body":{"email":"aashishneupane566@gmail.com"},"params":{},"query":{},"status":"SUCCESS","user":"n/a"},"timestamp":"2025-04-13T13:01:52.553Z"}
{"level":"info","message":"/login","metadata":{"action":"CREATE","body":{"email":"aashishneupane566@gmail.com"},"params":{},"query":{},"status":"SUCCESS","user":"n/a"},"timestamp":"2025-04-13T13:03:33.635Z"}
{"level":"info","message":"/login","metadata":{"action":"CREATE","body":{"email":"aashishneupane566@gmail.com"},"params":{},"query":{},"status":"SUCCESS","user":"n/a"},"timestamp":"2025-04-13T13:05:12.763Z"}
{"level":"info","message":"/signup","metadata":{"action":"CREATE","body":{"contact":"0987654321","email":"aashishneupane566@gmail.com","fullname":"Bhesh Raj"},"errorMessage":"Invalid contact number","params":{},"query":{},"status":"FAILED","user":"n/a"},"timestamp":"2025-04-13T14:56:39.966Z"}
{"level":"info","message":"/signup","metadata":{"action":"CREATE","body":{"contact":"9876543210","email":"aashishneupane566@gmail.com","fullname":"Bhesh Raj"},"errorMessage":"Invalid contact number","params":{},"query":{},"status":"FAILED","user":"n/a"},"timestamp":"2025-04-13T14:56:47.547Z"}
{"level":"info","message":"/signup","metadata":{"action":"CREATE","body":{"contact":" 9876543210","email":"aashishneupane566@gmail.com","fullname":"Bhesh Raj"},"errorMessage":"Invalid contact number","params":{},"query":{},"status":"FAILED","user":"n/a"},"timestamp":"2025-04-13T14:57:05.940Z"}
{"level":"info","message":"/signup","metadata":{"action":"CREATE","body":{"contact":" 9876543210","email":"aashishneupane566@gmail.com","fullname":"Bhesh Raj"},"errorMessage":"Invalid contact number","params":{},"query":{},"status":"FAILED","user":"n/a"},"timestamp":"2025-04-13T14:57:08.503Z"}
{"level":"info","message":"/signup","metadata":{"action":"CREATE","body":{"contact":" +9779876543210","email":"aashishneupane566@gmail.com","fullname":"Bhesh Raj"},"errorMessage":"Invalid contact number","params":{},"query":{},"status":"FAILED","user":"n/a"},"timestamp":"2025-04-13T14:57:19.416Z"}
{"level":"info","message":"/signup","metadata":{"action":"CREATE","body":{"contact":" +9779876543210","email":"aashishneupane566@gmail.com","fullname":"Bhesh Raj"},"errorMessage":"Invalid contact number","params":{},"query":{},"status":"FAILED","user":"n/a"},"timestamp":"2025-04-13T14:57:23.264Z"}
{"level":"info","message":"/signup","metadata":{"action":"CREATE","body":{"contact":" +977-9876543210","email":"aashishneupane566@gmail.com","fullname":"Bhesh Raj"},"errorMessage":"Invalid contact number","params":{},"query":{},"status":"FAILED","user":"n/a"},"timestamp":"2025-04-13T14:57:27.791Z"}
{"level":"info","message":"/signup","metadata":{"action":"CREATE","body":{"contact":" +977-9876543210","email":"aashishneupane566@gmail.com","fullname":"Bhesh Raj"},"errorMessage":"Invalid contact number","params":{},"query":{},"status":"FAILED","user":"n/a"},"timestamp":"2025-04-13T14:57:29.040Z"}
{"level":"info","message":"/signup","metadata":{"action":"CREATE","body":{"contact":" 9876543210","email":"aashishneupane566@gmail.com","fullname":"Bhesh Raj"},"errorMessage":"Invalid contact number","params":{},"query":{},"status":"FAILED","user":"n/a"},"timestamp":"2025-04-13T14:59:15.812Z"}
{"level":"info","message":"/signup","metadata":{"action":"CREATE","body":{"contact":" 9876543210","email":"aashishneupane566@gmail.com","fullname":"Bhesh Raj"},"errorMessage":"Invalid contact number","params":{},"query":{},"status":"FAILED","user":"n/a"},"timestamp":"2025-04-13T14:59:17.741Z"}
{"level":"info","message":"/signup","metadata":{"action":"CREATE","body":{"contact":" 9876543210","email":"aashishneupane566@gmail.com","fullname":"Bhesh Raj"},"errorMessage":"Invalid contact number","params":{},"query":{},"status":"FAILED","user":"n/a"},"timestamp":"2025-04-13T14:59:18.593Z"}
{"level":"info","message":"/signup","metadata":{"action":"CREATE","body":{"contact":" 9876543210","email":"aashishneupane566@gmail.com","fullname":"Bhesh Raj"},"errorMessage":"Invalid contact number","params":{},"query":{},"status":"FAILED","user":"n/a"},"timestamp":"2025-04-13T15:01:38.097Z"}
{"level":"info","message":"/signup","metadata":{"action":"CREATE","body":{"contact":" 9876543210","email":"aashishneupane566@gmail.com","fullname":"Bhesh Raj"},"errorMessage":"Password must be at least 6 characters long and contain at least 1 uppercase letter, 1 lowercase letter, and 1 number.","params":{},"query":{},"status":"FAILED","user":"n/a"},"timestamp":"2025-04-13T15:02:04.584Z"}
{"level":"info","message":"/signup","metadata":{"action":"CREATE","body":{"contact":" 9876543210","email":"aashishneupane566@gmail.com","fullname":"Bhesh Raj"},"errorMessage":"Password must be at least 6 characters long and contain at least 1 uppercase letter, 1 lowercase letter, and 1 number.","params":{},"query":{},"status":"FAILED","user":"n/a"},"timestamp":"2025-04-13T15:02:25.277Z"}
{"level":"info","message":"/signup","metadata":{"action":"CREATE","body":{"contact":" 9876543210","email":"aashishneupane566@gmail.com","fullname":"Bhesh Raj"},"params":{},"query":{},"status":"SUCCESS","user":"n/a"},"timestamp":"2025-04-13T15:04:06.275Z"}
{"level":"info","message":"/verify-email","metadata":{"action":"CREATE","body":{"verificationCode":"111111"},"errorMessage":"Property verification Code should not exist","params":{},"query":{},"status":"FAILED","user":"n/a"},"timestamp":"2025-04-13T15:04:15.508Z"}
{"level":"info","message":"/verify-email","metadata":{"action":"CREATE","body":{"verificationCode":"111111"},"errorMessage":"Property verification Code should not exist","params":{},"query":{},"status":"FAILED","user":"n/a"},"timestamp":"2025-04-13T15:04:20.177Z"}
{"level":"info","message":"/verify-email","metadata":{"action":"CREATE","body":{"verificationCode":"111111"},"errorMessage":"Property verification Code should not exist","params":{},"query":{},"status":"FAILED","user":"n/a"},"timestamp":"2025-04-13T15:04:22.006Z"}
{"level":"info","message":"/verify-email","metadata":{"action":"CREATE","body":{"verificationCode":"hlZTYQ"},"errorMessage":"Property verification Code should not exist","params":{},"query":{},"status":"FAILED","user":"n/a"},"timestamp":"2025-04-13T15:05:35.129Z"}
{"level":"info","message":"/verify-email","metadata":{"action":"CREATE","body":{"verificationCode":"hLZTYQ"},"errorMessage":"Property verification Code should not exist","params":{},"query":{},"status":"FAILED","user":"n/a"},"timestamp":"2025-04-13T15:05:51.772Z"}
{"level":"info","message":"/verify-email","metadata":{"action":"CREATE","body":{"verificationCode":"hlZTYQ"},"errorMessage":"Property verification Code should not exist","params":{},"query":{},"status":"FAILED","user":"n/a"},"timestamp":"2025-04-13T15:05:57.314Z"}
{"level":"info","message":"/verify-email","metadata":{"action":"CREATE","body":{"verificationCode":"hlZTYQ"},"errorMessage":"Property verification Code should not exist","params":{},"query":{},"status":"FAILED","user":"n/a"},"timestamp":"2025-04-13T15:07:19.495Z"}
{"level":"info","message":"/verify-email","metadata":{"action":"CREATE","body":{"verificationCode":"hlZTYQ"},"errorMessage":"Property verification Code should not exist","params":{},"query":{},"status":"FAILED","user":"n/a"},"timestamp":"2025-04-13T15:07:23.506Z"}
{"level":"info","message":"/verify-email","metadata":{"action":"CREATE","body":{"verificationCode":"hlZTYQ"},"errorMessage":"Property verification Code should not exist","params":{},"query":{},"status":"FAILED","user":"n/a"},"timestamp":"2025-04-13T15:07:24.611Z"}
{"level":"info","message":"/verify-email","metadata":{"action":"CREATE","body":{"verificationCode":"hlZTYQ"},"errorMessage":"Property verification Code should not exist","params":{},"query":{},"status":"FAILED","user":"n/a"},"timestamp":"2025-04-13T15:07:36.367Z"}
{"level":"info","message":"/verify-email","metadata":{"action":"CREATE","body":{"verificationCode":"hlZTYQ"},"errorMessage":"Property verification Code should not exist","params":{},"query":{},"status":"FAILED","user":"n/a"},"timestamp":"2025-04-13T15:07:37.242Z"}
{"level":"info","message":"/verify-email","metadata":{"action":"CREATE","body":{"verificationCode":"hlZTYQ"},"errorMessage":"Property verification Code should not exist","params":{},"query":{},"status":"FAILED","user":"n/a"},"timestamp":"2025-04-13T15:07:40.121Z"}
{"level":"info","message":"/verify-email","metadata":{"action":"CREATE","body":{"verificationCode":"hlZTYQ"},"params":{},"query":{},"status":"SUCCESS","user":"n/a"},"timestamp":"2025-04-13T15:08:28.911Z"}
{"level":"info","message":"/verify-email","metadata":{"action":"CREATE","body":{"verificationCode":"hlZTYQ"},"errorMessage":"Mail is not verified","params":{},"query":{},"status":"FAILED","user":"n/a"},"timestamp":"2025-04-13T15:08:47.312Z"}
{"level":"info","message":"/verify-email","metadata":{"action":"CREATE","body":{"verificationCode":"hlZTYQ"},"errorMessage":"Mail is not verified","params":{},"query":{},"status":"FAILED","user":"n/a"},"timestamp":"2025-04-13T15:08:48.349Z"}
{"level":"info","message":"/verify-email","metadata":{"action":"CREATE","body":{"verificationCode":"hlZTYQ"},"errorMessage":"Mail is not verified","params":{},"query":{},"status":"FAILED","user":"n/a"},"timestamp":"2025-04-13T15:09:09.729Z"}
{"level":"info","message":"/login","metadata":{"action":"CREATE","body":{"email":"aashishneupane566@gmail.com"},"errorMessage":"Incorrect email or password","params":{},"query":{},"status":"FAILED","user":"n/a"},"timestamp":"2025-04-13T15:09:22.959Z"}
{"level":"info","message":"/login","metadata":{"action":"CREATE","body":{"email":"aashishneupane566@gmail.com"},"params":{},"query":{},"status":"SUCCESS","user":"n/a"},"timestamp":"2025-04-13T15:09:29.564Z"}
{"level":"info","message":"/signup","metadata":{"action":"CREATE","body":{"contact":" 9876543210","email":"superowner@keepme.club","fullname":"Bhesh Raj"},"errorMessage":"Password must be at least 6 characters long and contain at least 1 uppercase letter, 1 lowercase letter, and 1 number.","params":{},"query":{},"status":"FAILED","user":"n/a"},"timestamp":"2025-04-13T15:10:11.062Z"}
{"level":"info","message":"/signup","metadata":{"action":"CREATE","body":{"contact":" 9876543210","email":"superowner@keepme.club","fullname":"Bhesh Raj"},"params":{},"query":{},"status":"SUCCESS","user":"n/a"},"timestamp":"2025-04-13T15:10:21.014Z"}
{"level":"info","message":"/verify-email","metadata":{"action":"CREATE","body":{"verificationCode":"IC1V6a"},"params":{},"query":{},"status":"SUCCESS","user":"n/a"},"timestamp":"2025-04-13T15:10:51.705Z"}
{"level":"info","message":"/signup","metadata":{"action":"CREATE","body":{"contact":" 9876543210","email":"rajbhesh566@gmail.comn","fullname":"Bhesh Raj"},"params":{},"query":{},"status":"SUCCESS","user":"n/a"},"timestamp":"2025-04-13T15:13:56.090Z"}
{"level":"info","message":"/verify-email","metadata":{"action":"CREATE","body":{"verificationCode":"DInRII"},"params":{},"query":{},"status":"SUCCESS","user":"n/a"},"timestamp":"2025-04-13T15:14:43.582Z"}
{"level":"info","message":"/signup","metadata":{"action":"CREATE","body":{"contact":" 9876543210","email":"palmmindcore@gmail.com","fullname":"Bhesh Raj"},"errorMessage":"Password must be at least 6 characters long and contain at least 1 uppercase letter, 1 lowercase letter, and 1 number.","params":{},"query":{},"status":"FAILED","user":"n/a"},"timestamp":"2025-04-13T15:15:54.690Z"}
{"level":"info","message":"/signup","metadata":{"action":"CREATE","body":{"contact":" 9876543210","email":"palmmindcore@gmail.com","fullname":"Bhesh Raj"},"errorMessage":"Password must be at least 6 characters long and contain at least 1 uppercase letter, 1 lowercase letter, and 1 number.","params":{},"query":{},"status":"FAILED","user":"n/a"},"timestamp":"2025-04-13T15:16:01.709Z"}
{"level":"info","message":"/signup","metadata":{"action":"CREATE","body":{"contact":" 9876543210","email":"palmmindcore@gmail.com","fullname":"Bhesh Raj"},"params":{},"query":{},"status":"SUCCESS","user":"n/a"},"timestamp":"2025-04-13T15:16:11.795Z"}
{"level":"info","message":"/verify-email","metadata":{"action":"CREATE","body":{"verificationCode":"yu9kFg"},"params":{},"query":{},"status":"SUCCESS","user":"n/a"},"timestamp":"2025-04-13T15:16:45.544Z"}
{"level":"info","message":"/verify-email","metadata":{"action":"CREATE","body":{"verificationCode":""},"errorMessage":"Mail is not verified","params":{},"query":{},"status":"FAILED","user":"n/a"},"timestamp":"2025-04-13T15:17:34.716Z"}
{"level":"info","message":"/signup","metadata":{"action":"CREATE","body":{"contact":" 9876543210","email":"superowner@keepme.clubss","fullname":"Bhesh Raj"},"errorMessage":"Password must be at least 6 characters long and contain at least 1 uppercase letter, 1 lowercase letter, and 1 number.","params":{},"query":{},"status":"FAILED","user":"n/a"},"timestamp":"2025-04-13T15:18:07.459Z"}
{"level":"info","message":"/signup","metadata":{"action":"CREATE","body":{"contact":" 9876543210","email":"superowner@keepme.clubss","fullname":"Bhesh Raj"},"params":{},"query":{},"status":"SUCCESS","user":"n/a"},"timestamp":"2025-04-13T15:18:11.209Z"}
{"level":"info","message":"/verify-email","metadata":{"action":"CREATE","body":{"verificationCode":"ZAAh57"},"params":{},"query":{},"status":"SUCCESS","user":"n/a"},"timestamp":"2025-04-13T15:18:33.094Z"}
{"level":"info","message":"/login","metadata":{"action":"CREATE","body":{"email":"aashishneupane566@gmail.com"},"params":{},"query":{},"status":"SUCCESS","user":"n/a"},"timestamp":"2025-04-13T15:18:54.064Z"}
{"level":"info","message":"/verify-email","metadata":{"action":"CREATE","body":{"verificationCode":""},"errorMessage":"Mail is not verified","params":{},"query":{},"status":"FAILED","user":"n/a"},"timestamp":"2025-04-13T15:28:25.850Z"}
{"level":"info","message":"/login","metadata":{"action":"CREATE","body":{"email":"aashishneupane566@gmail.com"},"errorMessage":"Incorrect email or password","params":{},"query":{},"status":"FAILED","user":"n/a"},"timestamp":"2025-04-13T15:28:44.986Z"}
{"level":"info","message":"/login","metadata":{"action":"CREATE","body":{"email":"aashishneupane566@gmail.com"},"params":{},"query":{},"status":"SUCCESS","user":"n/a"},"timestamp":"2025-04-13T15:28:51.957Z"}
{"level":"info","message":"/login","metadata":{"action":"CREATE","body":{"email":"aashishneupane566@gmail.com"},"params":{},"query":{},"status":"SUCCESS","user":"n/a"},"timestamp":"2025-04-13T15:30:44.947Z"}
{"level":"info","message":"/login","metadata":{"action":"CREATE","body":{"email":"aashishneupane566@gmail.com"},"params":{},"query":{},"status":"SUCCESS","user":"n/a"},"timestamp":"2025-04-13T15:33:24.829Z"}
{"level":"info","message":"/login","metadata":{"action":"CREATE","body":{"email":"aashishneupane566@gmail.com"},"params":{},"query":{},"status":"SUCCESS","user":"n/a"},"timestamp":"2025-04-13T15:34:04.147Z"}
{"level":"info","message":"/login","metadata":{"action":"CREATE","body":{"email":"aashishneupane566@gmail.com"},"params":{},"query":{},"status":"SUCCESS","user":"n/a"},"timestamp":"2025-04-13T15:35:23.222Z"}
{"level":"info","message":"/forgot-password","metadata":{"action":"CREATE","body":{"email":"aa"},"errorMessage":"User not found","params":{},"query":{},"status":"FAILED","user":"n/a"},"timestamp":"2025-04-13T15:37:38.707Z"}
{"level":"info","message":"/signup","metadata":{"action":"CREATE","body":{"contact":" 9876543210","email":"palmmindcore@gmail.comaa","fullname":"Bhesh Raj"},"errorMessage":"Password must be at least 6 characters long and contain at least 1 uppercase letter, 1 lowercase letter, and 1 number.","params":{},"query":{},"status":"FAILED","user":"n/a"},"timestamp":"2025-04-13T15:37:57.091Z"}
{"level":"info","message":"/signup","metadata":{"action":"CREATE","body":{"contact":" 9876543210","email":"palmmindcore@gmail.comaa","fullname":"Bhesh Raj"},"errorMessage":"Password must be at least 6 characters long and contain at least 1 uppercase letter, 1 lowercase letter, and 1 number.","params":{},"query":{},"status":"FAILED","user":"n/a"},"timestamp":"2025-04-13T15:38:01.882Z"}
{"level":"info","message":"/signup","metadata":{"action":"CREATE","body":{"contact":" 9876543210","email":"palmmindcore@gmail.comaa","fullname":"Bhesh Raj"},"params":{},"query":{},"status":"SUCCESS","user":"n/a"},"timestamp":"2025-04-13T15:38:12.997Z"}
{"level":"info","message":"/verify-email","metadata":{"action":"CREATE","body":{"verificationCode":"gvbg5v"},"params":{},"query":{},"status":"SUCCESS","user":"n/a"},"timestamp":"2025-04-13T15:38:33.426Z"}
